<?xml version="1.0" encoding="utf-8" standalone="no"?>
<!--This file represents the results of running a test suite-->
<test-results name="../build/Release/bin/DataCompiler.Tests.dll" total="7" errors="0" failures="0" not-run="0" inconclusive="0" ignored="0" skipped="0" invalid="0" date="2009-07-16" time="10:14:42">
  <environment nunit-version="2.5.1.9189" clr-version="2.0.50727.4918" os-version="Microsoft Windows NT 6.1.7100.0" platform="Win32NT" cwd="C:\Users\NK\Development\DataCompiler\src" machine-name="NK-PC" user="NK" user-domain="NK-PC" />
  <culture-info current-culture="en-GB" current-uiculture="en-US" />
  <test-suite name="../build/Release/bin/DataCompiler.Tests.dll" executed="True" success="True" time="1.511" asserts="0">
    <results>
      <test-suite name="specs_for_EntityParser" executed="True" success="True" time="1.042" asserts="0">
        <results>
          <test-suite name="base_context+when_given_xml" executed="True" success="True" time="1.038" asserts="0">
            <results>
              <test-case name="specs_for_EntityParser.base_context+when_given_xml.if_the_xml_contains_entity_data_then_parse_it_and_output_level_xml" executed="True" success="True" time="1.006" asserts="2" />
            </results>
          </test-suite>
        </results>
      </test-suite>
      <test-suite name="specs_for_EnvironmentColor" executed="True" success="True" time="0.080" asserts="0">
        <results>
          <test-suite name="base_context+when_asked_to_serialize" executed="True" success="True" time="0.075" asserts="0">
            <results>
              <test-case name="specs_for_EnvironmentColor.base_context+when_asked_to_serialize.should_serialize_object_to_xml" executed="True" success="True" time="0.071" asserts="1" />
            </results>
          </test-suite>
          <test-suite name="base_context+when_given_xml" executed="True" success="True" time="0.002" asserts="0">
            <results>
              <test-case name="specs_for_EnvironmentColor.base_context+when_given_xml.should_deserialize_into_a_color" executed="True" success="True" time="0.002" asserts="3" />
            </results>
          </test-suite>
        </results>
      </test-suite>
      <test-suite name="specs_for_LevelCompiler" executed="True" success="True" time="0.292" asserts="0">
        <results>
          <test-suite name="base_context+when_the_compiler_is_supplied_xml" executed="True" success="True" time="0.291" asserts="0">
            <results>
              <test-case name="specs_for_LevelCompiler.base_context+when_the_compiler_is_supplied_xml.it_should_extract_the_environment_data_and_compile_it_into_the_level_xml" executed="True" success="True" time="0.287" asserts="2" />
              <test-case name="specs_for_LevelCompiler.base_context+when_the_compiler_is_supplied_xml.it_should_extract_the_node_data_and_compile_it_into_entities" executed="True" success="True" time="0.002" asserts="2" />
            </results>
          </test-suite>
        </results>
      </test-suite>
      <test-suite name="specs_for_ModelCompiler" executed="True" success="True" time="0.013" asserts="0">
        <results>
          <test-suite name="when_a_scene_file_is_passed_to_the_compiler" executed="True" success="True" time="0.012" asserts="0">
            <results>
              <test-case name="specs_for_ModelCompiler.when_a_scene_file_is_passed_to_the_compiler.it_should_return_a_list_of_xml_models_ready_for_writing_to_disk" executed="True" success="True" time="0.012" asserts="1" />
            </results>
          </test-suite>
        </results>
      </test-suite>
      <test-suite name="spect_for_EnvironmentParser" executed="True" success="True" time="0.072" asserts="0">
        <results>
          <test-suite name="base_context+when_given_some_xml" executed="True" success="True" time="0.072" asserts="0">
            <results>
              <test-case name="spect_for_EnvironmentParser.base_context+when_given_some_xml.the_parser_should_output_xml" executed="True" success="True" time="0.069" asserts="1" />
            </results>
          </test-suite>
        </results>
      </test-suite>
    </results>
  </test-suite>
</test-results>